Started GET "/" for ::1 at 2017-10-02 09:18:54 -0400
Processing by WelcomeController#index as HTML
  Rendering welcome/index.html.erb within layouts/application
  Rendered welcome/index.html.erb within layouts/application (1.5ms)
Completed 200 OK in 1022ms (Views: 718.5ms)


Started GET "/dinos" for ::1 at 2017-10-02 09:19:03 -0400
Processing by DinosController#index as HTML
  Rendering dinos/index.html.erb within layouts/application
  Rendered dinos/index.html.erb within layouts/application (1.6ms)
Completed 200 OK in 59ms (Views: 53.7ms)


Started GET "/dinos/trixie" for ::1 at 2017-10-02 09:19:12 -0400
Processing by DinosController#show as HTML
  Parameters: {"id"=>"trixie"}
  Rendering dinos/show.html.erb within layouts/application
  Rendered dinos/show.html.erb within layouts/application (0.6ms)
Completed 200 OK in 27ms (Views: 24.4ms)


Started GET "/dinos/" for ::1 at 2017-10-02 09:20:08 -0400
Processing by DinosController#index as HTML
  Rendering dinos/index.html.erb within layouts/application
  Rendered dinos/index.html.erb within layouts/application (0.7ms)
Completed 200 OK in 28ms (Views: 25.6ms)


Started GET "/dinos/" for ::1 at 2017-10-02 09:21:45 -0400
Processing by DinosController#index as HTML
  Rendering dinos/index.html.erb within layouts/application
  Rendered dinos/index.html.erb within layouts/application (0.6ms)
Completed 200 OK in 46ms (Views: 43.2ms)


Started GET "/dinos/trixie" for ::1 at 2017-10-02 09:21:55 -0400
Processing by DinosController#show as HTML
  Parameters: {"id"=>"trixie"}
  Rendering dinos/show.html.erb within layouts/application
  Rendered dinos/show.html.erb within layouts/application (0.4ms)
Completed 200 OK in 36ms (Views: 33.1ms)


  [1m[35m (7.2ms)[0m  [1m[34mSELECT "schema_migrations"."version" FROM "schema_migrations" ORDER BY "schema_migrations"."version" ASC[0m
  [1m[35m (9.6ms)[0m  [1m[34mSELECT "ar_internal_metadata"."value" FROM "ar_internal_metadata" WHERE "ar_internal_metadata"."key" = $1[0m  [["key", "environment"]]
  [1m[35m (0.3ms)[0m  [1m[34mSELECT "schema_migrations"."version" FROM "schema_migrations" ORDER BY "schema_migrations"."version" ASC[0m
  [1m[35m (0.3ms)[0m  [1m[34mSELECT "ar_internal_metadata"."value" FROM "ar_internal_metadata" WHERE "ar_internal_metadata"."key" = $1[0m  [["key", "environment"]]
  [1m[35m (0.2ms)[0m  [1m[34mSELECT "schema_migrations"."version" FROM "schema_migrations" ORDER BY "schema_migrations"."version" ASC[0m
  [1m[35m (0.2ms)[0m  [1m[34mSELECT "ar_internal_metadata"."value" FROM "ar_internal_metadata" WHERE "ar_internal_metadata"."key" = $1[0m  [["key", "environment"]]
  [1m[35m (130.4ms)[0m  [1m[35mDROP DATABASE IF EXISTS "dinos_app_development"[0m
  [1m[35m (131.6ms)[0m  [1m[35mDROP DATABASE IF EXISTS "dinos_app_test"[0m
Started GET "/" for 127.0.0.1 at 2017-10-02 10:53:09 -0400
Processing by WelcomeController#index as HTML
  Rendering welcome/index.html.erb within layouts/application
  Rendered welcome/index.html.erb within layouts/application (2.1ms)
Completed 200 OK in 624ms (Views: 317.9ms)


  [1m[35m (11.9ms)[0m  [1m[35mCREATE TABLE "schema_migrations" ("version" character varying NOT NULL PRIMARY KEY)[0m
  [1m[35m (20.2ms)[0m  [1m[35mCREATE TABLE "ar_internal_metadata" ("key" character varying NOT NULL PRIMARY KEY, "value" character varying, "created_at" timestamp NOT NULL, "updated_at" timestamp NOT NULL)[0m
  [1m[35m (0.5ms)[0m  [1m[34mSELECT pg_try_advisory_lock(1871735510677818450)[0m
  [1m[35m (0.9ms)[0m  [1m[34mSELECT "schema_migrations"."version" FROM "schema_migrations" ORDER BY "schema_migrations"."version" ASC[0m
Migrating to CreateDinos (20171002145653)
  [1m[35m (0.3ms)[0m  [1m[35mBEGIN[0m
  [1m[35m (17.1ms)[0m  [1m[35mCREATE TABLE "dinos" ("id" bigserial primary key, "name" character varying, "color" character varying, "breed" character varying, "created_at" timestamp NOT NULL, "updated_at" timestamp NOT NULL)[0m
  [1m[35mSQL (1.0ms)[0m  [1m[32mINSERT INTO "schema_migrations" ("version") VALUES ($1) RETURNING "version"[0m  [["version", "20171002145653"]]
  [1m[35m (2.5ms)[0m  [1m[35mCOMMIT[0m
  [1m[36mActiveRecord::InternalMetadata Load (1.7ms)[0m  [1m[34mSELECT  "ar_internal_metadata".* FROM "ar_internal_metadata" WHERE "ar_internal_metadata"."key" = $1 LIMIT $2[0m  [["key", "environment"], ["LIMIT", 1]]
  [1m[35m (0.3ms)[0m  [1m[35mBEGIN[0m
  [1m[35mSQL (0.5ms)[0m  [1m[32mINSERT INTO "ar_internal_metadata" ("key", "value", "created_at", "updated_at") VALUES ($1, $2, $3, $4) RETURNING "key"[0m  [["key", "environment"], ["value", "development"], ["created_at", "2017-10-02 14:58:17.778133"], ["updated_at", "2017-10-02 14:58:17.778133"]]
  [1m[35m (1.5ms)[0m  [1m[35mCOMMIT[0m
  [1m[35m (0.3ms)[0m  [1m[34mSELECT pg_advisory_unlock(1871735510677818450)[0m
  [1m[35m (0.4ms)[0m  [1m[34mSELECT "schema_migrations"."version" FROM "schema_migrations" ORDER BY "schema_migrations"."version" ASC[0m
